<?xml version="1.0" encoding="UTF-8"?><testsuite errors="0" failures="0" name="Actualizar ruta de aprendizaje" skipped="0" tests="12" time="9.35" timestamp="2023-04-26 04:51:20"><testcase name="actualizar rutas de aprendizaje de manera exitosa"/><testcase name="actualizar rutas de aprendizaje enviando caracteres especiales"/><testcase name="actualizar rutas de aprendizaje enviando campos vacios con admin Id y Id validos"/><testcase name="actualizar rutas de aprendizaje con id no registrados"/></testsuite>