<?xml version="1.0" encoding="UTF-8"?><testsuite errors="0" failures="0" name="Crear cuenta de usuario" skipped="0" tests="24" time="18.19" timestamp="2023-04-26 04:51:46"><testcase name="Crear administrador exitoso"/><testcase name="Crear aprendiz exitoso"/><testcase name="Envio de datos para la creacion de usuario administrador vacios"/><testcase name="Envio de datos para la creacion de usuario aprendiz vacios"/><testcase name="Creacion usuarios admin con caracteres especiales y numericos en el nombre"/><testcase name="Creacion usuarios aprendiz con caracteres especiales y numericos en el nombre"/><testcase name="Crear administrador existente"/><testcase name="Crear aprendiz existente"/><testcase name="Crear administrador con correo de un aprendiz"/><testcase name="Crear aprendiz con correo de un administrador"/><testcase name="Crear admin con un correo invalido"/><testcase name="Crear aprendiz con un correo invalido"/></testsuite>